\BOOKMARK [1][-]{section.1}{Gesch\344ftsverst\344ndnis}{}% 1
\BOOKMARK [2][-]{subsection.1.1}{Beschreibung der Situation}{section.1}% 2
\BOOKMARK [3][-]{subsubsection.1.1.1}{Problembeschreibung}{subsection.1.1}% 3
\BOOKMARK [2][-]{subsection.1.2}{Situationsbewertung}{section.1}% 4
\BOOKMARK [3][-]{subsubsection.1.2.1}{Beschreibung der gelieferten Daten}{subsection.1.2}% 5
\BOOKMARK [3][-]{subsubsection.1.2.2}{Risikofaktoren}{subsection.1.2}% 6
\BOOKMARK [3][-]{subsubsection.1.2.3}{Erfolgskriterien}{subsection.1.2}% 7
\BOOKMARK [2][-]{subsection.1.3}{Projektplanung}{section.1}% 8
\BOOKMARK [1][-]{section.2}{Datenverst\344ndnis}{}% 9
\BOOKMARK [2][-]{subsection.2.1}{Datensammlung}{section.2}% 10
\BOOKMARK [3][-]{subsubsection.2.1.1}{Vernachl\344ssigbare Felder}{subsection.2.1}% 11
\BOOKMARK [3][-]{subsubsection.2.1.2}{Erfolgsversprechende Felder}{subsection.2.1}% 12
\BOOKMARK [2][-]{subsection.2.2}{Datenbeschreibung}{section.2}% 13
\BOOKMARK [3][-]{subsubsection.2.2.1}{Datenmenge}{subsection.2.2}% 14
\BOOKMARK [3][-]{subsubsection.2.2.2}{Untersuchung der Daten}{subsection.2.2}% 15
\BOOKMARK [3][-]{subsubsection.2.2.3}{Konsistenz}{subsection.2.2}% 16
\BOOKMARK [1][-]{section.3}{Vorbereitung der Daten}{}% 17
\BOOKMARK [2][-]{subsection.3.1}{Bereinigung der Daten}{section.3}% 18
\BOOKMARK [2][-]{subsection.3.2}{Erstellung neuer Felder}{section.3}% 19
\BOOKMARK [2][-]{subsection.3.3}{Bewertung der Felder}{section.3}% 20
\BOOKMARK [1][-]{section.4}{Modellierung}{}% 21
\BOOKMARK [2][-]{subsection.4.1}{Wahl der Modellierungsknoten}{section.4}% 22
\BOOKMARK [2][-]{subsection.4.2}{Test-Design}{section.4}% 23
\BOOKMARK [3][-]{subsubsection.4.2.1}{Merkmalauswahl}{subsection.4.2}% 24
\BOOKMARK [3][-]{subsubsection.4.2.2}{Fehlklassifizierungskosten}{subsection.4.2}% 25
\BOOKMARK [3][-]{subsubsection.4.2.3}{Boosting}{subsection.4.2}% 26
\BOOKMARK [3][-]{subsubsection.4.2.4}{Umsetzung}{subsection.4.2}% 27
\BOOKMARK [2][-]{subsection.4.3}{Getestete Modellierungsknoten}{section.4}% 28
\BOOKMARK [3][-]{subsubsection.4.3.1}{CHAID}{subsection.4.3}% 29
\BOOKMARK [3][-]{subsubsection.4.3.2}{C5.0}{subsection.4.3}% 30
\BOOKMARK [3][-]{subsubsection.4.3.3}{Random-Trees}{subsection.4.3}% 31
\BOOKMARK [3][-]{subsubsection.4.3.4}{XGBoost-Baum}{subsection.4.3}% 32
\BOOKMARK [1][-]{section.5}{Evaluierung und Bereitstellung}{}% 33
\BOOKMARK [1][-]{section.6}{Tabellenverzeichnis}{}% 34
\BOOKMARK [1][-]{section.7}{Abbildungsverzeichnis}{}% 35
\BOOKMARK [1][-]{section*.3}{Abbildungsverzeichnis}{}% 36
\BOOKMARK [1][-]{section.8}{Literaturverzeichnis}{}% 37
